T1D64 244757:583.768   SEGGER J-Link V7.52a Log File
T1D64 244757:583.909   DLL Compiled: Jul 28 2021 11:08:12
T1D64 244757:583.969   Logging started @ 2024-10-05 18:24
T1D64 244757:584.023 - 79.168ms
T1D64 244757:584.084 JLINK_ExecCommand("device = ATSAMD20J18", ...). 
T1D64 244757:584.413   Device "ATSAMD20J18" selected.
T1D64 244757:585.015 - 0.918ms returns 0x00
T1D64 244757:585.086 JLINK_GetHWStatus(...)
T1D64 244757:586.052 - 1.008ms returns 0
T1D64 244757:586.130 JLINK_ClrRESET()
T1D64 244757:786.845   RESET (pin 15) high, but should be low. Please check target hardware.
T1D64 244757:786.972 - 200.942ms
T1D64 244757:792.991 JLINK_SetRESET()
T1D64 244757:793.233 - 0.295ms
T1D64 244757:802.992 JLINK_ClrRESET()
T1D64 244758:041.918   RESET (pin 15) high, but should be low. Please check target hardware.
T1D64 244758:041.954 - 238.968ms
T1D64 244758:049.605 JLINK_ClrTCK()
T1D64 244758:049.803 - 0.213ms returns 0
T1D64 244758:055.030 JLINK_SetRESET()
T1D64 244758:055.924 - 0.913ms
T1D64 244758:062.376 JLINK_Clock()
T1D64 244758:062.610 - 0.246ms returns 1
T1D64 244758:068.025 JLINK_TIF_Select(JLINKARM_TIF_SWD)
T1D64 244758:068.644 - 0.632ms returns 0x00
T1D64 244758:068.668 JLINK_SetSpeed(50)
T1D64 244758:068.768 - 0.107ms
T1D64 244758:068.786 JLINK_CORESIGHT_Configure()
T1D64 244758:089.549 - 20.791ms returns 0
T1D64 244758:089.684 JLINK_CORESIGHT_WriteAPDPReg(DP reg 0x02, 0x00000000)
T1D64 244758:090.903 - 1.237ms returns 0
T1D64 244758:090.937 JLINK_CORESIGHT_WriteAPDPReg(AP reg 0x00, 0x23000040)
T1D64 244758:092.118 - 1.198ms returns 0
T1D64 244758:092.148 JLINK_CORESIGHT_WriteAPDPReg(AP reg 0x01, 0x41002101)
T1D64 244758:093.381 - 1.243ms returns 0
T1D64 244758:093.411 JLINK_CORESIGHT_ReadAPDPReg(AP reg 0x03)
T1D64 244758:095.543   Value=0x00120000
T1D64 244758:095.582 - 2.179ms returns 0
T1D64 244758:096.265 JLINK_Halt()
T1D64 244758:096.523   InitTarget() start
T1D64 244758:096.550    J-Link Script File: Executing InitTarget()
T1D64 244758:096.575   InitTarget()
T1D64 244758:115.626   InitTarget() end
T1D64 244758:121.898   Found SW-DP with ID 0x0BC11477
T1D64 244758:141.104   DPIDR: 0x0BC11477
T1D64 244758:141.153   Scanning AP map to find all available APs
T1D64 244758:147.407   AP[1]: Stopped AP scan as end of AP map has been reached
T1D64 244758:147.452   AP[0]: AHB-AP (IDR: 0x04770031)
T1D64 244758:147.479   Iterating through AP map to find AHB-AP to use
T1D64 244758:157.640   AP[0]: Core found
T1D64 244758:157.686   AP[0]: AHB-AP ROM base: 0x41003000
T1D64 244758:162.828   CPUID register: 0x410CC601. Implementer code: 0x41 (ARM)
T1D64 244758:162.878   Found Cortex-M0 r0p1, Little endian.
T1D64 244758:264.261   -- Max. mem block: 0x00002B08
T1D64 244758:264.460   CPU_ReadMem(4 bytes @ 0xE000EDF0)
T1D64 244758:284.707   CPU_WriteMem(4 bytes @ 0xE000EDF0)
T1D64 244758:289.080   CPU_ReadMem(4 bytes @ 0xE0002000)
T1D64 244758:293.635   FPUnit: 0 code (BP) slots and 0 literal slots
T1D64 244758:293.685   CPU_ReadMem(4 bytes @ 0xE000EDFC)
T1D64 244758:298.155   CPU_WriteMem(4 bytes @ 0xE000EDFC)
T1D64 244758:302.547   CPU_ReadMem(4 bytes @ 0xE0001000)
T1D64 244758:307.030   CPU_WriteMem(4 bytes @ 0xE0001000)
T1D64 244758:311.425   CoreSight components:
T1D64 244758:311.484   ROMTbl[0] @ 41003000
T1D64 244758:311.511   CPU_ReadMem(64 bytes @ 0x41003000)
T1D64 244758:324.754   CPU could not be halted
T1D64 244758:324.789 - 228.530ms returns 0x01
T1D64 244758:324.823 JLINK_EraseChip()
T1D64 244758:333.525   CPU could not be halted
T1D64 244758:333.794   CPU_ReadMem(4 bytes @ 0xE000ED90)
T1D64 244758:338.341    -- --------------------------------------
T1D64 244758:338.386    -- Start of determining dirty areas
T1D64 244758:338.597    -- End of determining dirty areas
T1D64 244758:338.631    -- Start of preparing flash programming
T1D64 244758:338.658    -- Calculating RAM usage
T1D64 244758:338.698    -- RAM usage = 10020 Bytes
T1D64 244758:338.723    -- Preserving CPU registers
T1D64 244758:338.931    -- Preparing memory
T1D64 244758:338.964    -- Preparing target
T1D64 244758:339.076    -- Downloading RAMCode
T1D64 244758:343.907   
  ***** Error: 
T1D64 244758:343.946   Failed to download RAMCode.
T1D64 244758:343.974   
  ***** Error: 
T1D64 244758:343.994   Failed to prepare for programming.
Failed to download RAMCode!
T1D64 244758:344.016    -- End of preparing flash programming
T1D64 244758:344.264 - 19.456ms returns -1
T1D64 244758:351.105 JLINK_ExecCommand("Device = ATSAMD20J18", ...). 
T1D64 244758:351.368   Device "ATSAMD20J18" selected.
T1D64 244758:351.983 - 0.859ms returns 0x00
T1D64 244758:352.017 JLINK_TIF_Select(JLINKARM_TIF_SWD)
T1D64 244758:352.037 - 0.027ms returns 0x00
T1D64 244758:352.059 JLINK_SetSpeed(8000)
T1D64 244758:352.256 - 0.213ms
T1D64 244758:352.288 JLINK_ResetPullsRESET(OFF)
T1D64 244758:352.306 - 0.026ms
T1D64 244758:352.327 JLINK_Connect()
T1D64 244758:353.204   InitTarget() start
T1D64 244758:353.241    J-Link Script File: Executing InitTarget()
T1D64 244758:353.284   InitTarget()
T1D64 244758:455.991   Connect Under Reset
T1D64 244758:656.721   RESET (pin 15) high, but should be low. Please check target hardware.
T1D64 244758:775.480   Connect Under Reset
T1D64 244758:775.542   InitTarget() end
T1D64 244758:883.495   InitTarget() start
T1D64 244758:883.532    J-Link Script File: Executing InitTarget()
T1D64 244758:883.562   InitTarget()
T1D64 244758:985.984   Connect Under Reset
T1D64 244759:186.705   RESET (pin 15) high, but should be low. Please check target hardware.
T1D64 244759:305.653   Connect Under Reset
T1D64 244759:305.709   InitTarget() end
T1D64 244759:305.728 - 953.407ms returns 0xFFFFFFFF
T1D64 244759:306.941 JLINK_ResetPullsRESET(ON)
T1D64 244759:306.976 - 0.048ms
T1D64 244759:307.007 JLINK_ResetNoHalt()
T1D64 244759:307.853 - 0.870ms
T1D64 244759:315.995 JLINK_GetHWStatus(...)
T1D64 244759:316.912 - 0.946ms returns 0
T1D64 244762:562.990 JLINK_Close()
T1D64 244762:588.320 - 25.360ms
T1D64 244762:588.361   
T1D64 244762:588.379   Closed
