T5658 7881:793.687   SEGGER J-Link V7.52a Log File
T5658 7881:793.752   DLL Compiled: Jul 28 2021 11:08:12
T5658 7881:793.771   Logging started @ 2024-05-29 22:46
T5658 7881:793.788 - 48.840ms
T5658 7881:793.869 JLINK_ExecCommand("device = ATSAMD20J18", ...). 
T5658 7881:793.992   Device "ATSAMD20J18" selected.
T5658 7881:794.236 - 0.359ms returns 0x00
T5658 7881:794.261 JLINK_GetHWStatus(...)
T5658 7881:794.448 - 0.208ms returns 0
T5658 7881:794.481 JLINK_ClrRESET()
T5658 7881:794.736 - 0.273ms
T5658 7881:800.661 JLINK_SetRESET()
T5658 7881:800.970 - 0.369ms
T5658 7881:807.602 JLINK_ClrRESET()
T5658 7881:808.017 - 0.453ms
T5658 7881:813.884 JLINK_ClrTCK()
T5658 7881:814.435 - 0.578ms returns 0
T5658 7881:821.453 JLINK_SetRESET()
T5658 7881:828.178 - 6.750ms
T5658 7881:834.148 JLINK_Clock()
T5658 7881:834.671 - 0.548ms returns 1
T5658 7881:839.878 JLINK_TIF_Select(JLINKARM_TIF_SWD)
T5658 7881:840.824 - 0.971ms returns 0x00
T5658 7881:840.868 JLINK_SetSpeed(50)
T5658 7881:841.008 - 0.161ms
T5658 7881:841.046 JLINK_CORESIGHT_Configure()
T5658 7881:850.730 - 9.708ms returns 0
T5658 7881:851.554 JLINK_CORESIGHT_WriteAPDPReg(DP reg 0x02, 0x00000000)
T5658 7881:852.734 - 1.188ms returns 0
T5658 7881:852.748 JLINK_CORESIGHT_WriteAPDPReg(AP reg 0x00, 0x23000040)
T5658 7881:853.918 - 1.194ms returns 0
T5658 7881:853.961 JLINK_CORESIGHT_WriteAPDPReg(AP reg 0x01, 0x41002101)
T5658 7881:855.267 - 1.330ms returns 0
T5658 7881:855.310 JLINK_CORESIGHT_ReadAPDPReg(AP reg 0x03)
T5658 7881:857.514   Value=0x00120200
T5658 7881:857.554 - 2.251ms returns 0
T5658 7881:857.579 JLINK_CORESIGHT_WriteAPDPReg(AP reg 0x01, 0x41002100)
T5658 7881:858.806 - 1.235ms returns 0
T5658 7881:858.822 JLINK_CORESIGHT_WriteAPDPReg(AP reg 0x03, 0x00000010)
T5658 7881:860.108 - 1.310ms returns 0
T5658 7881:860.152 JLINK_CORESIGHT_WriteAPDPReg(AP reg 0x01, 0x41002101)
T5658 7881:861.399 - 1.254ms returns 0
T5658 7881:861.413 JLINK_CORESIGHT_ReadAPDPReg(AP reg 0x03)
T5658 7881:863.540   Value=0x01120200
T5658 7881:863.580 - 2.174ms returns 0
T5658 7882:069.356 JLINK_CORESIGHT_ReadAPDPReg(AP reg 0x03)
T5658 7882:071.707   Value=0x00120300
T5658 7882:071.721 - 2.368ms returns 0
T5658 7882:084.490 JLINK_ExecCommand("Device = ATSAMD20J18", ...). 
T5658 7882:084.713   Device "ATSAMD20J18" selected.
T5658 7882:084.993 - 0.490ms returns 0x00
T5658 7882:085.005 JLINK_TIF_Select(JLINKARM_TIF_SWD)
T5658 7882:085.011 - 0.008ms returns 0x00
T5658 7882:085.018 JLINK_SetSpeed(4000)
T5658 7882:085.184 - 0.176ms
T5658 7882:085.200 JLINK_ResetPullsRESET(OFF)
T5658 7882:085.206 - 0.008ms
T5658 7882:085.214 JLINK_Connect()
T5658 7882:085.778   InitTarget() start
T5658 7882:085.791    J-Link Script File: Executing InitTarget()
T5658 7882:085.804   InitTarget()
T5658 7882:090.135   InitTarget() end
T5658 7882:090.910   Found SW-DP with ID 0x0BC11477
T5658 7882:092.837   DPIDR: 0x0BC11477
T5658 7882:092.858   Scanning AP map to find all available APs
T5658 7882:093.388   AP[1]: Stopped AP scan as end of AP map has been reached
T5658 7882:093.407   AP[0]: AHB-AP (IDR: 0x04770031)
T5658 7882:093.422   Iterating through AP map to find AHB-AP to use
T5658 7882:094.236   AP[0]: Core found
T5658 7882:094.255   AP[0]: AHB-AP ROM base: 0x41003000
T5658 7882:094.684   CPUID register: 0x410CC601. Implementer code: 0x41 (ARM)
T5658 7882:094.703   Found Cortex-M0 r0p1, Little endian.
T5658 7882:196.343   -- Max. mem block: 0x00002B08
T5658 7882:196.522   CPU_ReadMem(4 bytes @ 0xE000EDF0)
T5658 7882:197.373   CPU_ReadMem(4 bytes @ 0xE0002000)
T5658 7882:198.062   FPUnit: 4 code (BP) slots and 0 literal slots
T5658 7882:198.097   CPU_ReadMem(4 bytes @ 0xE000EDFC)
T5658 7882:198.484   CPU_ReadMem(4 bytes @ 0xE0001000)
T5658 7882:198.854   CPU_WriteMem(4 bytes @ 0xE0001000)
T5658 7882:199.263   CoreSight components:
T5658 7882:199.283   ROMTbl[0] @ 41003000
T5658 7882:199.294   CPU_ReadMem(64 bytes @ 0x41003000)
T5658 7882:200.116   CPU_ReadMem(32 bytes @ 0xE00FFFE0)
T5658 7882:200.729   ROMTbl[0][0]: E00FF000, CID: B105100D, PID: 000BB4C0 ROM Table
T5658 7882:200.797   ROMTbl[1] @ E00FF000
T5658 7882:200.806   CPU_ReadMem(64 bytes @ 0xE00FF000)
T5658 7882:201.615   CPU_ReadMem(32 bytes @ 0xE000EFE0)
T5658 7882:202.282   ROMTbl[1][0]: E000E000, CID: B105E00D, PID: 000BB008 SCS
T5658 7882:202.296   CPU_ReadMem(32 bytes @ 0xE0001FE0)
T5658 7882:202.903   ROMTbl[1][1]: E0001000, CID: B105E00D, PID: 000BB00A DWT
T5658 7882:202.917   CPU_ReadMem(32 bytes @ 0xE0002FE0)
T5658 7882:203.502   ROMTbl[1][2]: E0002000, CID: B105E00D, PID: 000BB00B FPB
T5658 7882:203.520 - 118.309ms returns 0x00
T5658 7882:203.890 JLINK_Halt()
T5658 7882:207.386 - 3.529ms returns 0x00
T5658 7882:209.352 JLINK_JTAG_GetDeviceID(DeviceIndex = 0)
T5658 7882:209.367 - 0.019ms returns 0
T5658 7882:209.376 JLINK_ReadMemU32(0x41002018, 0x1 Items)
T5658 7882:209.394   CPU_ReadMem(4 bytes @ 0x41002018)
T5658 7882:209.753   Data:  00 14 00 10
T5658 7882:209.769 - 0.395ms returns 1 (0x1)
T5304 7882:222.752 JLINK_IsHalted()
T5304 7882:222.784 - 0.035ms returns TRUE
T5304 7882:222.793 JLINK_GetMOEs(...)
T5304 7882:222.806   CPU_ReadMem(4 bytes @ 0xE000ED30)
T5304 7882:223.237 - 0.461ms returns 0x01
T5304 7882:223.269 JLINK_ReadReg(R15 (PC))
T5304 7882:223.286 - 0.022ms returns 0xFFFFFFFE
T5658 7882:237.925 JLINK_BeginDownload(Flags = 0x00000000)
T5658 7882:237.954 - 0.032ms
T5658 7882:237.971 JLINK_WriteMem(0x00000000, 0xE1C8 Bytes, ...)
T5658 7882:237.979   Data:  10 72 00 20 5D 8B 00 00 F1 8B 00 00 F1 8B 00 00 ...
T5658 7882:238.209   completely In flash
T5658 7882:238.281    -- Read from flash cache (57800 bytes @ 0x00000000)
T5658 7882:238.309 - 0.341ms returns 0xE1C8
T5658 7882:238.532 JLINK_WriteMem(0x0000E1C8, 0x2D4 Bytes, ...)
T5658 7882:238.543   Data:  00 47 50 47 47 41 00 01 57 49 4D 57 56 00 02 49 ...
T5658 7882:238.575   completely In flash
T5658 7882:238.586    -- Read from flash cache (724 bytes @ 0x0000E1C8)
T5658 7882:238.595 - 0.065ms returns 0x2D4
T74E4 7882:374.743 JLINK_EMU_GetList(InterfaceMask = 0x00000001, MaxInfos = 0x00000032) 
T74E4 7882:375.094   [0]: USB, S/N: 801010797
T74E4 7882:375.107 - 0.367ms returns 1
T74E4 7882:375.161 JLINK_EMU_GetList(InterfaceMask = 0x00000002, MaxInfos = 0x00000032) 
T74E4 7882:420.515 - 45.375ms returns 0
T5304 7882:427.500 JLINK_IsHalted()
T5304 7882:428.080 - 0.603ms returns TRUE
T5658 7882:429.711 JLINK_EndDownload()
T5658 7882:429.892   CPU_ReadMem(4 bytes @ 0xE000ED90)
T5658 7882:430.228    -- --------------------------------------
T5658 7882:430.242   Flash bank @ 0x00000000: Default: L2 verify disabled because algorithm performs L1 verify
T5658 7882:430.251    -- Start of determining dirty areas in flash cache
T5658 7882:430.304    -- End of determining dirty areas
T5658 7882:430.314    -- Start of preparing flash programming
T5658 7882:430.323    -- Calculating RAM usage
T5658 7882:430.346    -- RAM usage = 3876 Bytes
T5658 7882:430.354    -- Preserving CPU registers
T5658 7882:430.377    -- Preparing memory
T5658 7882:430.385    -- Preparing target
T5658 7882:430.394    -- Preserving target RAM temporarily used for programming
T5658 7882:457.948    -- Downloading RAMCode
T5658 7882:480.508    -- Preparing RAMCode
T5658 7882:488.568    -- Checking target RAM
T5658 7882:501.618    -- End of preparing flash programming
T5658 7882:502.018   Looking for J-Link GUI Server exe at: C:\Program Files (x86)\Atmel\Studio\7.0\atbackend\JLinkGUIServer.exe
T5658 7882:502.190   Looking for J-Link GUI Server exe at: \JLinkGUIServer.exe
T5658 7882:803.308   Failed to connect to J-Link GUI Server.
T5658 7882:814.353    -- CPU speed could not be measured.
T5658 7882:814.387    -- Start of comparing flash
T5658 7882:814.396    -- CRC check was estimated as fastest method
T5658 7882:814.408    -- Comparing range 0x0000 - 0x7FFF (128 Sectors, 32 KiB), using multi-block CRC calculation
T5658 7882:889.698    -- CRC does not match for sectors 0-127
T5658 7882:889.751    -- Comparing range 0x8000 - 0xE4FF (101 Sectors, 25 KiB), using multi-block CRC calculation
T5658 7882:949.492    -- CRC does not match for sectors 0-100
T5658 7882:949.707    -- End of comparing flash
T5658 7882:949.735    -- Start of erasing sectors
T5658 7882:949.760    -- End of erasing sectors
T5658 7882:949.786    -- Start of flash programming
T5658 7882:949.815    -- Programming range 0x00000000 - 0x00007FFF (128 Sectors, 32 KB)
T5658 7883:364.366    -- Programming range 0x00008000 - 0x0000E4FF (101 Sectors, 25 KB)
T5658 7883:715.617    -- End of flash programming
T5658 7883:715.649    -- 0x0000 - 0xE4FF (229 Sectors, 57 KoB)
T5658 7883:715.660    -- Start of restoring
T5658 7883:715.669    -- Restoring RAMCode
T5658 7883:736.351    -- Restoring target memory
T5658 7883:763.230    -- Restore target
T5658 7883:763.291    -- Restore memory
T5658 7883:763.315    -- Restoring CPU registers
T5658 7883:763.369    -- End of restoring
T5658 7883:763.469    -- Bank 0 @ 0x00000000: 1 range affected (58624 bytes)
T5658 7883:763.520    -- Total: 1.333s (Prepare: 0.384s, Compare: 0.135s, Erase: 0.000s, Program & Verify: 0.782s, Restore: 0.030s)
T5658 7883:763.565    -- Program & Verify speed: 72 KiB/s
T5658 7883:766.783 - 1337.104ms returns 58624 (0xE500)
T5658 7883:767.498 JLINK_ResetPullsRESET(ON)
T5658 7883:767.522 - 0.026ms
T5658 7883:767.532 JLINK_ResetNoHalt()
T5658 7883:768.018   InitTarget() start
T5658 7883:768.041    J-Link Script File: Executing InitTarget()
T5658 7883:768.055   InitTarget()
T5658 7883:770.501   InitTarget() end
T5658 7883:771.074   Found SW-DP with ID 0x0BC11477
T5658 7883:772.901   DPIDR: 0x0BC11477
T5658 7883:772.943   AP map detection skipped. Manually configured AP map found.
T5658 7883:772.961   AP[0]: AHB-AP (IDR: Not set)
T5658 7883:773.730   AP[0]: Core found
T5658 7883:773.752   AP[0]: AHB-AP ROM base: 0x41003000
T5658 7883:774.261   CPUID register: 0x410CC601. Implementer code: 0x41 (ARM)
T5658 7883:774.293   Found Cortex-M0 r0p1, Little endian.
T5658 7883:874.962   -- Max. mem block: 0x000027B0
T5658 7883:875.014   CPU_ReadMem(4 bytes @ 0xE000EDF0)
T5658 7883:875.462   CPU_ReadMem(4 bytes @ 0xE0002000)
T5658 7883:876.019   FPUnit: 4 code (BP) slots and 0 literal slots
T5658 7883:876.062   CPU_ReadMem(4 bytes @ 0xE000EDFC)
T5658 7883:876.459   CPU_ReadMem(4 bytes @ 0xE0001000)
T5658 7883:876.878   CoreSight components:
T5658 7883:876.898   ROMTbl[0] @ 41003000
T5658 7883:876.908   CPU_ReadMem(64 bytes @ 0x41003000)
T5658 7883:877.761   CPU_ReadMem(32 bytes @ 0xE00FFFE0)
T5658 7883:878.353   ROMTbl[0][0]: E00FF000, CID: B105100D, PID: 000BB4C0 ROM Table
T5658 7883:878.372   ROMTbl[1] @ E00FF000
T5658 7883:878.382   CPU_ReadMem(64 bytes @ 0xE00FF000)
T5658 7883:879.274   CPU_ReadMem(32 bytes @ 0xE000EFE0)
T5658 7883:879.974   ROMTbl[1][0]: E000E000, CID: B105E00D, PID: 000BB008 SCS
T5658 7883:880.016   CPU_WriteMem(4 bytes @ 0xE0001000)
T5658 7883:880.409   CPU_ReadMem(32 bytes @ 0xE0001FE0)
T5658 7883:881.005   ROMTbl[1][1]: E0001000, CID: B105E00D, PID: 000BB00A DWT
T5658 7883:881.019   CPU_ReadMem(32 bytes @ 0xE0002FE0)
T5658 7883:881.617   ROMTbl[1][2]: E0002000, CID: B105E00D, PID: 000BB00B FPB
T5658 7883:881.637   JLINK_Reset()
T5658 7883:881.646     CPU_ReadMem(4 bytes @ 0x20000000)
T5658 7883:882.059     CPU_WriteMem(4 bytes @ 0x20000000)
T5658 7883:882.479     ResetTarget() start
T5658 7883:882.493      J-Link Script File: Executing ResetTarget()
T5658 7883:882.858     CPU_ReadMem(4 bytes @ 0xE000EDFC)
T5658 7883:883.227     CPU_WriteMem(4 bytes @ 0xE000EDFC)
T5658 7883:883.575     CPU_WriteMem(4 bytes @ 0xE000ED0C)
T5658 7883:885.875     CPU_ReadMem(4 bytes @ 0xE000EDF0)
T5658 7883:886.236     CPU_ReadMem(4 bytes @ 0x41002100)
T5658 7883:886.626     CPU_WriteMem(4 bytes @ 0xE000EDFC)
T5658 7883:887.111     ResetTarget() end
T5658 7883:890.664     CPU_WriteMem(4 bytes @ 0xE0002000)
T5658 7883:891.103     CPU_ReadMem(4 bytes @ 0xE000EDFC)
T5658 7883:891.507     CPU_ReadMem(4 bytes @ 0xE0001000)
T5658 7883:891.921     CPU_WriteMem(4 bytes @ 0xE0001000)
T5658 7883:892.339   - 10.710ms
T5658 7883:892.354   JLINK_Go()
T5658 7883:892.364     CPU_ReadMem(4 bytes @ 0xE0001000)
T5658 7883:892.705     CPU_WriteMem(4 bytes @ 0xE0001000)
T5658 7883:893.097     CPU_WriteMem(4 bytes @ 0xE0001004)
T5658 7883:893.893   - 1.562ms
T5658 7883:893.921 - 126.391ms
T74E4 7883:893.947 JLINK_EMU_GetList(InterfaceMask = 0x00000001, MaxInfos = 0x00000032) 
T74E4 7883:894.638   [0]: USB, S/N: 801010797
T74E4 7883:894.671 - 0.732ms returns 1
T74E4 7883:895.279 JLINK_EMU_GetList(InterfaceMask = 0x00000002, MaxInfos = 0x00000032) 
T74E4 7883:941.452 - 46.198ms returns 0
T5658 7883:941.612 JLINK_Close()
T5658 7883:959.444 - 17.865ms
T5658 7883:959.484   
T5658 7883:959.496   Closed
