T1868 32752:549.888   SEGGER J-Link V7.96b Log File
T1868 32752:549.888   DLL Compiled: Mar 20 2024 16:53:15
T1868 32752:549.888   Logging started @ 2024-10-19 16:38
T1868 32752:549.888   Process: C:\Program Files (x86)\Atmel\Studio\7.0\atbackend\atbackend.exe
T1868 32752:549.888 - 97.709ms
T1868 32752:549.888 JLINK_ExecCommand("device = ATSAMD20J18", ...). 
T1868 32752:551.936   Device "ATSAMD20J18A" selected.
T1868 32752:551.936 - 1.013ms returns 0x00
T1868 32752:551.936 JLINK_GetHWStatus(...)
T1868 32752:551.936 - 0.549ms returns 0
T1868 32752:551.936 JLINK_ClrRESET()
T1868 32752:551.936 - 0.631ms
T1868 32752:560.128 JLINK_SetRESET()
T1868 32752:560.128 - 0.569ms
T1868 32752:566.272 JLINK_ClrRESET()
T1868 32752:568.320 - 0.660ms
T1868 32752:576.512 JLINK_ClrTCK()
T1868 32752:576.512 - 0.418ms returns 0
T1868 32752:580.608 JLINK_SetRESET()
T1868 32752:582.656 - 0.409ms
T1868 32752:590.848 JLINK_Clock()
T1868 32752:590.848 - 0.512ms returns 1
T1868 32752:601.088 JLINK_TIF_Select(JLINKARM_TIF_SWD)
T1868 32752:601.088 - 1.367ms returns 0x00
T1868 32752:601.088 JLINK_SetSpeed(50)
T1868 32752:601.088 - 0.464ms
T1868 32752:601.088 JLINK_CORESIGHT_Configure()
T1868 32752:613.376 - 9.942ms returns 0
T1868 32752:613.376 JLINK_CORESIGHT_WriteAPDPReg(DP reg 0x02, 0x00000000)
T1868 32752:615.424 - 1.552ms returns 0
T1868 32752:615.424 JLINK_CORESIGHT_WriteAPDPReg(AP reg 0x00, 0x23000040)
T1868 32752:615.424 - 1.498ms returns 0
T1868 32752:615.424 JLINK_CORESIGHT_WriteAPDPReg(AP reg 0x01, 0x41002101)
T1868 32752:617.472 - 1.529ms returns 0
T1868 32752:617.472 JLINK_CORESIGHT_ReadAPDPReg(AP reg 0x03)
T1868 32752:621.568   Value=0x00120200
T1868 32752:621.568 - 2.714ms returns 0
T1868 32752:621.568 JLINK_CORESIGHT_WriteAPDPReg(AP reg 0x01, 0x41002100)
T1868 32752:623.616 - 1.583ms returns 0
T1868 32752:623.616 JLINK_CORESIGHT_WriteAPDPReg(AP reg 0x03, 0x00000010)
T1868 32752:623.616 - 1.569ms returns 0
T1868 32752:623.616 JLINK_CORESIGHT_WriteAPDPReg(AP reg 0x01, 0x41002101)
T1868 32752:625.664 - 1.558ms returns 0
T1868 32752:625.664 JLINK_CORESIGHT_ReadAPDPReg(AP reg 0x03)
T1868 32752:629.760   Value=0x01120200
T1868 32752:629.760 - 2.821ms returns 0
T1868 32752:836.608 JLINK_CORESIGHT_ReadAPDPReg(AP reg 0x03)
T1868 32752:842.752   Value=0x00120300
T1868 32752:842.752 - 4.770ms returns 0
T1868 32752:855.040 JLINK_ExecCommand("Device = ATSAMD20J18", ...). 
T1868 32752:859.136   Device "ATSAMD20J18A" selected.
T1868 32752:859.136 - 2.265ms returns 0x00
T1868 32752:859.136 JLINK_TIF_Select(JLINKARM_TIF_SWD)
T1868 32752:859.136 - 0.319ms returns 0x00
T1868 32752:859.136 JLINK_SetSpeed(4000)
T1868 32752:861.184 - 0.786ms
T1868 32752:861.184 JLINK_ResetPullsRESET(OFF)
T1868 32752:861.184 - 0.346ms
T1868 32752:861.184 JLINK_Connect()
T1868 32752:863.232   InitTarget() start
T1868 32752:863.232    J-Link Script File: Executing InitTarget()
T1868 32752:863.232   InitTarget()
T1868 32752:875.520   InitTarget() end - Took 9.14ms
T1868 32752:875.520   Found SW-DP with ID 0x0BC11477
T1868 32752:879.616   DPIDR: 0x0BC11477
T1868 32752:879.616   CoreSight SoC-400 or earlier
T1868 32752:879.616   Scanning AP map to find all available APs
T1868 32752:883.712   AP[1]: Stopped AP scan as end of AP map has been reached
T1868 32752:883.712   AP[0]: AHB-AP (IDR: 0x04770031)
T1868 32752:883.712   Iterating through AP map to find AHB-AP to use
T1868 32752:885.760   AP[0]: Core found
T1868 32752:885.760   AP[0]: AHB-AP ROM base: 0x41003000
T1868 32752:885.760   CPUID register: 0x410CC601. Implementer code: 0x41 (ARM)
T1868 32752:885.760   Found Cortex-M0 r0p1, Little endian.
T1868 32752:887.808   -- Max. mem block: 0x00002B08
T1868 32752:887.808   CPU_ReadMem(4 bytes @ 0xE000EDF0)
T1868 32752:887.808   CPU_ReadMem(4 bytes @ 0xE0002000)
T1868 32752:891.904   FPUnit: 4 code (BP) slots and 0 literal slots
T1868 32752:891.904   CPU_ReadMem(4 bytes @ 0xE000EDFC)
T1868 32752:891.904   CPU_ReadMem(4 bytes @ 0xE0001000)
T1868 32752:893.952   CPU_WriteMem(4 bytes @ 0xE0001000)
T1868 32752:893.952   CoreSight components:
T1868 32752:893.952   ROMTbl[0] @ 41003000
T1868 32752:893.952   CPU_ReadMem(64 bytes @ 0x41003000)
T1868 32752:896.000   CPU_ReadMem(32 bytes @ 0xE00FFFE0)
T1868 32752:896.000   [0][0]: E00FF000 CID B105100D PID 000BB4C0 ROM Table
T1868 32752:896.000   ROMTbl[1] @ E00FF000
T1868 32752:896.000   CPU_ReadMem(64 bytes @ 0xE00FF000)
T1868 32752:900.096   CPU_ReadMem(32 bytes @ 0xE000EFE0)
T1868 32752:900.096   [1][0]: E000E000 CID B105E00D PID 000BB008 SCS
T1868 32752:900.096   CPU_ReadMem(32 bytes @ 0xE0001FE0)
T1868 32752:902.144   [1][1]: E0001000 CID B105E00D PID 000BB00A DWT
T1868 32752:902.144   CPU_ReadMem(32 bytes @ 0xE0002FE0)
T1868 32752:902.144   [1][2]: E0002000 CID B105E00D PID 000BB00B FPB
T1868 32752:904.192 - 41.989ms returns 0x00
T1868 32752:904.192 JLINK_Halt()
T1868 32752:908.288 - 4.035ms returns 0x00
T1868 32752:912.384 JLINK_JTAG_GetDeviceID(DeviceIndex = 0)
T1868 32752:912.384 - 0.195ms returns 0
T1868 32752:912.384 JLINK_ReadMemU32(0x41002018, 0x1 Items)
T1868 32752:912.384   CPU_ReadMem(4 bytes @ 0x41002018)
T1868 32752:912.384   Data:  00 14 00 10
T1868 32752:912.384 - 1.366ms returns 1 (0x1)
T3AD8 32752:920.576 JLINK_IsHalted()
T3AD8 32752:920.576 - 0.261ms returns TRUE
T3AD8 32752:920.576 JLINK_GetMOEs(...)
T3AD8 32752:920.576   CPU_ReadMem(4 bytes @ 0xE000ED30)
T3AD8 32752:924.672 - 1.165ms returns 0x01
T3AD8 32752:924.672 JLINK_ReadReg(R15 (PC))
T3AD8 32752:924.672 - 0.203ms returns 0xFFFFFFFE
T1868 32752:975.872 JLINK_BeginDownload(Flags = 0x00000000)
T1868 32752:975.872 - 0.221ms
T1868 32752:975.872 JLINK_WriteMem(0x00000000, 0xA2E0 Bytes, ...)
T1868 32752:975.872   Data:  A0 6C 00 20 FD 82 00 00 91 83 00 00 91 83 00 00 ...
T1868 32752:975.872   completely In flash
T1868 32752:975.872 - 1.056ms returns 0xA2E0
T1868 32752:975.872 JLINK_WriteMem(0x0000A2E0, 0x8 Bytes, ...)
T1868 32752:975.872   Data:  A0 E4 FF 7F 01 00 00 00
T1868 32752:975.872   completely In flash
T1868 32752:977.920 - 0.483ms returns 0x8
T1868 32752:977.920 JLINK_WriteMem(0x0000A2E8, 0x140 Bytes, ...)
T1868 32752:977.920   Data:  BF F3 5F 8F 01 38 00 28 FA D1 70 47 50 28 40 41 ...
T1868 32752:977.920   completely In flash
T1868 32752:977.920 - 0.440ms returns 0x140
T3AD8 32753:123.328 JLINK_IsHalted()
T3AD8 32753:125.376 - 1.044ms returns TRUE
T1868 32753:125.376 JLINK_EndDownload()
T1868 32753:129.472   CPU_ReadMem(4 bytes @ 0xE000ED90)
T1868 32753:129.472    -- --------------------------------------
T1868 32753:129.472    -- Flash bank @ 0x00000000: Default: L2 verify disabled because algorithm performs L1 verify
T1868 32753:129.472    -- Start of determining dirty areas in flash cache
T1868 32753:129.472    -- Filling invalid ranges in sector buffer (flash cache) for sector @ 0x00000000 if necessary
T1868 32753:129.472    -- Filling invalid ranges in sector buffer (flash cache) for sector @ 0x00000100 if necessary
T1868 32753:131.520    -- Filling invalid ranges in sector buffer (flash cache) for sector @ 0x00000200 if necessary
T1868 32753:131.520    -- Filling invalid ranges in sector buffer (flash cache) for sector @ 0x00000300 if necessary
T1868 32753:131.520    -- Filling invalid ranges in sector buffer (flash cache) for sector @ 0x00000400 if necessary
T1868 32753:131.520    -- Filling invalid ranges in sector buffer (flash cache) for sector @ 0x00000500 if necessary
T1868 32753:131.520    -- Filling invalid ranges in sector buffer (flash cache) for sector @ 0x00000600 if necessary
T1868 32753:131.520    -- Filling invalid ranges in sector buffer (flash cache) for sector @ 0x00000700 if necessary
T1868 32753:131.520    -- Filling invalid ranges in sector buffer (flash cache) for sector @ 0x00000800 if necessary
T1868 32753:131.520    -- Filling invalid ranges in sector buffer (flash cache) for sector @ 0x00000900 if necessary
T1868 32753:131.520    -- Filling invalid ranges in sector buffer (flash cache) for sector @ 0x00000A00 if necessary
T1868 32753:131.520    -- Filling invalid ranges in sector buffer (flash cache) for sector @ 0x00000B00 if necessary
T1868 32753:131.520    -- Filling invalid ranges in sector buffer (flash cache) for sector @ 0x00000C00 if necessary
T1868 32753:133.568    -- Filling invalid ranges in sector buffer (flash cache) for sector @ 0x00000D00 if necessary
T1868 32753:133.568    -- Filling invalid ranges in sector buffer (flash cache) for sector @ 0x00000E00 if necessary
T1868 32753:133.568    -- Filling invalid ranges in sector buffer (flash cache) for sector @ 0x00000F00 if necessary
T1868 32753:133.568    -- Filling invalid ranges in sector buffer (flash cache) for sector @ 0x00001000 if necessary
T1868 32753:133.568    -- Filling invalid ranges in sector buffer (flash cache) for sector @ 0x00001100 if necessary
T1868 32753:133.568    -- Filling invalid ranges in sector buffer (flash cache) for sector @ 0x00001200 if necessary
T1868 32753:133.568    -- Filling invalid ranges in sector buffer (flash cache) for sector @ 0x00001300 if necessary
T1868 32753:133.568    -- Filling invalid ranges in sector buffer (flash cache) for sector @ 0x00001400 if necessary
T1868 32753:133.568    -- Filling invalid ranges in sector buffer (flash cache) for sector @ 0x00001500 if necessary
T1868 32753:133.568    -- Filling invalid ranges in sector buffer (flash cache) for sector @ 0x00001600 if necessary
T1868 32753:133.568    -- Filling invalid ranges in sector buffer (flash cache) for sector @ 0x00001700 if necessary
T1868 32753:137.664    -- Filling invalid ranges in sector buffer (flash cache) for sector @ 0x00001800 if necessary
T1868 32753:137.664    -- Filling invalid ranges in sector buffer (flash cache) for sector @ 0x00001900 if necessary
T1868 32753:137.664    -- Filling invalid ranges in sector buffer (flash cache) for sector @ 0x00001A00 if necessary
T1868 32753:137.664    -- Filling invalid ranges in sector buffer (flash cache) for sector @ 0x00001B00 if necessary
T1868 32753:137.664    -- Filling invalid ranges in sector buffer (flash cache) for sector @ 0x00001C00 if necessary
T1868 32753:137.664    -- Filling invalid ranges in sector buffer (flash cache) for sector @ 0x00001D00 if necessary
T1868 32753:137.664    -- Filling invalid ranges in sector buffer (flash cache) for sector @ 0x00001E00 if necessary
T1868 32753:137.664    -- Filling invalid ranges in sector buffer (flash cache) for sector @ 0x00001F00 if necessary
T1868 32753:137.664    -- Filling invalid ranges in sector buffer (flash cache) for sector @ 0x00002000 if necessary
T1868 32753:139.712    -- Filling invalid ranges in sector buffer (flash cache) for sector @ 0x00002100 if necessary
T1868 32753:139.712    -- Filling invalid ranges in sector buffer (flash cache) for sector @ 0x00002200 if necessary
T1868 32753:139.712    -- Filling invalid ranges in sector buffer (flash cache) for sector @ 0x00002300 if necessary
T1868 32753:139.712    -- Filling invalid ranges in sector buffer (flash cache) for sector @ 0x00002400 if necessary
T1868 32753:139.712    -- Filling invalid ranges in sector buffer (flash cache) for sector @ 0x00002500 if necessary
T1868 32753:139.712    -- Filling invalid ranges in sector buffer (flash cache) for sector @ 0x00002600 if necessary
T1868 32753:139.712    -- Filling invalid ranges in sector buffer (flash cache) for sector @ 0x00002700 if necessary
T1868 32753:139.712    -- Filling invalid ranges in sector buffer (flash cache) for sector @ 0x00002800 if necessary
T1868 32753:139.712    -- Filling invalid ranges in sector buffer (flash cache) for sector @ 0x00002900 if necessary
T1868 32753:139.712    -- Filling invalid ranges in sector buffer (flash cache) for sector @ 0x00002A00 if necessary
T1868 32753:139.712    -- Filling invalid ranges in sector buffer (flash cache) for sector @ 0x00002B00 if necessary
T1868 32753:139.712    -- Filling invalid ranges in sector buffer (flash cache) for sector @ 0x00002C00 if necessary
T1868 32753:139.712    -- Filling invalid ranges in sector buffer (flash cache) for sector @ 0x00002D00 if necessary
T1868 32753:141.760    -- Filling invalid ranges in sector buffer (flash cache) for sector @ 0x00002E00 if necessary
T1868 32753:141.760    -- Filling invalid ranges in sector buffer (flash cache) for sector @ 0x00002F00 if necessary
T1868 32753:141.760    -- Filling invalid ranges in sector buffer (flash cache) for sector @ 0x00003000 if necessary
T1868 32753:141.760    -- Filling invalid ranges in sector buffer (flash cache) for sector @ 0x00003100 if necessary
T1868 32753:141.760    -- Filling invalid ranges in sector buffer (flash cache) for sector @ 0x00003200 if necessary
T1868 32753:141.760    -- Filling invalid ranges in sector buffer (flash cache) for sector @ 0x00003300 if necessary
T1868 32753:141.760    -- Filling invalid ranges in sector buffer (flash cache) for sector @ 0x00003400 if necessary
T1868 32753:141.760    -- Filling invalid ranges in sector buffer (flash cache) for sector @ 0x00003500 if necessary
T1868 32753:141.760    -- Filling invalid ranges in sector buffer (flash cache) for sector @ 0x00003600 if necessary
T1868 32753:141.760    -- Filling invalid ranges in sector buffer (flash cache) for sector @ 0x00003700 if necessary
T1868 32753:141.760    -- Filling invalid ranges in sector buffer (flash cache) for sector @ 0x00003800 if necessary
T1868 32753:141.760    -- Filling invalid ranges in sector buffer (flash cache) for sector @ 0x00003900 if necessary
T1868 32753:145.856    -- Filling invalid ranges in sector buffer (flash cache) for sector @ 0x00003A00 if necessary
T1868 32753:145.856    -- Filling invalid ranges in sector buffer (flash cache) for sector @ 0x00003B00 if necessary
T1868 32753:145.856    -- Filling invalid ranges in sector buffer (flash cache) for sector @ 0x00003C00 if necessary
T1868 32753:145.856    -- Filling invalid ranges in sector buffer (flash cache) for sector @ 0x00003D00 if necessary
T1868 32753:145.856    -- Filling invalid ranges in sector buffer (flash cache) for sector @ 0x00003E00 if necessary
T1868 32753:145.856    -- Filling invalid ranges in sector buffer (flash cache) for sector @ 0x00003F00 if necessary
T1868 32753:145.856    -- Filling invalid ranges in sector buffer (flash cache) for sector @ 0x00004000 if necessary
T1868 32753:145.856    -- Filling invalid ranges in sector buffer (flash cache) for sector @ 0x00004100 if necessary
T1868 32753:145.856    -- Filling invalid ranges in sector buffer (flash cache) for sector @ 0x00004200 if necessary
T1868 32753:145.856    -- Filling invalid ranges in sector buffer (flash cache) for sector @ 0x00004300 if necessary
T1868 32753:145.856    -- Filling invalid ranges in sector buffer (flash cache) for sector @ 0x00004400 if necessary
T1868 32753:145.856    -- Filling invalid ranges in sector buffer (flash cache) for sector @ 0x00004500 if necessary
T1868 32753:147.904    -- Filling invalid ranges in sector buffer (flash cache) for sector @ 0x00004600 if necessary
T1868 32753:147.904    -- Filling invalid ranges in sector buffer (flash cache) for sector @ 0x00004700 if necessary
T1868 32753:147.904    -- Filling invalid ranges in sector buffer (flash cache) for sector @ 0x00004800 if necessary
T1868 32753:147.904    -- Filling invalid ranges in sector buffer (flash cache) for sector @ 0x00004900 if necessary
T1868 32753:147.904    -- Filling invalid ranges in sector buffer (flash cache) for sector @ 0x00004A00 if necessary
T1868 32753:147.904    -- Filling invalid ranges in sector buffer (flash cache) for sector @ 0x00004B00 if necessary
T1868 32753:147.904    -- Filling invalid ranges in sector buffer (flash cache) for sector @ 0x00004C00 if necessary
T1868 32753:147.904    -- Filling invalid ranges in sector buffer (flash cache) for sector @ 0x00004D00 if necessary
T1868 32753:147.904    -- Filling invalid ranges in sector buffer (flash cache) for sector @ 0x00004E00 if necessary
T1868 32753:147.904    -- Filling invalid ranges in sector buffer (flash cache) for sector @ 0x00004F00 if necessary
T1868 32753:147.904    -- Filling invalid ranges in sector buffer (flash cache) for sector @ 0x00005000 if necessary
T1868 32753:147.904    -- Filling invalid ranges in sector buffer (flash cache) for sector @ 0x00005100 if necessary
T1868 32753:149.952    -- Filling invalid ranges in sector buffer (flash cache) for sector @ 0x00005200 if necessary
T1868 32753:149.952    -- Filling invalid ranges in sector buffer (flash cache) for sector @ 0x00005300 if necessary
T1868 32753:149.952    -- Filling invalid ranges in sector buffer (flash cache) for sector @ 0x00005400 if necessary
T1868 32753:149.952    -- Filling invalid ranges in sector buffer (flash cache) for sector @ 0x00005500 if necessary
T1868 32753:149.952    -- Filling invalid ranges in sector buffer (flash cache) for sector @ 0x00005600 if necessary
T1868 32753:149.952    -- Filling invalid ranges in sector buffer (flash cache) for sector @ 0x00005700 if necessary
T1868 32753:149.952    -- Filling invalid ranges in sector buffer (flash cache) for sector @ 0x00005800 if necessary
T1868 32753:149.952    -- Filling invalid ranges in sector buffer (flash cache) for sector @ 0x00005900 if necessary
T1868 32753:149.952    -- Filling invalid ranges in sector buffer (flash cache) for sector @ 0x00005A00 if necessary
T1868 32753:149.952    -- Filling invalid ranges in sector buffer (flash cache) for sector @ 0x00005B00 if necessary
T1868 32753:149.952    -- Filling invalid ranges in sector buffer (flash cache) for sector @ 0x00005C00 if necessary
T1868 32753:149.952    -- Filling invalid ranges in sector buffer (flash cache) for sector @ 0x00005D00 if necessary
T1868 32753:154.048    -- Filling invalid ranges in sector buffer (flash cache) for sector @ 0x00005E00 if necessary
T1868 32753:154.048    -- Filling invalid ranges in sector buffer (flash cache) for sector @ 0x00005F00 if necessary
T1868 32753:154.048    -- Filling invalid ranges in sector buffer (flash cache) for sector @ 0x00006000 if necessary
T1868 32753:154.048    -- Filling invalid ranges in sector buffer (flash cache) for sector @ 0x00006100 if necessary
T1868 32753:154.048    -- Filling invalid ranges in sector buffer (flash cache) for sector @ 0x00006200 if necessary
T1868 32753:154.048    -- Filling invalid ranges in sector buffer (flash cache) for sector @ 0x00006300 if necessary
T1868 32753:154.048    -- Filling invalid ranges in sector buffer (flash cache) for sector @ 0x00006400 if necessary
T1868 32753:154.048    -- Filling invalid ranges in sector buffer (flash cache) for sector @ 0x00006500 if necessary
T1868 32753:154.048    -- Filling invalid ranges in sector buffer (flash cache) for sector @ 0x00006600 if necessary
T1868 32753:154.048    -- Filling invalid ranges in sector buffer (flash cache) for sector @ 0x00006700 if necessary
T1868 32753:154.048    -- Filling invalid ranges in sector buffer (flash cache) for sector @ 0x00006800 if necessary
T1868 32753:154.048    -- Filling invalid ranges in sector buffer (flash cache) for sector @ 0x00006900 if necessary
T1868 32753:154.048    -- Filling invalid ranges in sector buffer (flash cache) for sector @ 0x00006A00 if necessary
T1868 32753:154.048    -- Filling invalid ranges in sector buffer (flash cache) for sector @ 0x00006B00 if necessary
T1868 32753:156.096    -- Filling invalid ranges in sector buffer (flash cache) for sector @ 0x00006C00 if necessary
T1868 32753:156.096    -- Filling invalid ranges in sector buffer (flash cache) for sector @ 0x00006D00 if necessary
T1868 32753:156.096    -- Filling invalid ranges in sector buffer (flash cache) for sector @ 0x00006E00 if necessary
T1868 32753:156.096    -- Filling invalid ranges in sector buffer (flash cache) for sector @ 0x00006F00 if necessary
T1868 32753:156.096    -- Filling invalid ranges in sector buffer (flash cache) for sector @ 0x00007000 if necessary
T1868 32753:156.096    -- Filling invalid ranges in sector buffer (flash cache) for sector @ 0x00007100 if necessary
T1868 32753:156.096    -- Filling invalid ranges in sector buffer (flash cache) for sector @ 0x00007200 if necessary
T1868 32753:156.096    -- Filling invalid ranges in sector buffer (flash cache) for sector @ 0x00007300 if necessary
T1868 32753:156.096    -- Filling invalid ranges in sector buffer (flash cache) for sector @ 0x00007400 if necessary
T1868 32753:156.096    -- Filling invalid ranges in sector buffer (flash cache) for sector @ 0x00007500 if necessary
T1868 32753:156.096    -- Filling invalid ranges in sector buffer (flash cache) for sector @ 0x00007600 if necessary
T1868 32753:156.096    -- Filling invalid ranges in sector buffer (flash cache) for sector @ 0x00007700 if necessary
T1868 32753:156.096    -- Filling invalid ranges in sector buffer (flash cache) for sector @ 0x00007800 if necessary
T1868 32753:156.096    -- Filling invalid ranges in sector buffer (flash cache) for sector @ 0x00007900 if necessary
T1868 32753:158.144    -- Filling invalid ranges in sector buffer (flash cache) for sector @ 0x00007A00 if necessary
T1868 32753:158.144    -- Filling invalid ranges in sector buffer (flash cache) for sector @ 0x00007B00 if necessary
T1868 32753:158.144    -- Filling invalid ranges in sector buffer (flash cache) for sector @ 0x00007C00 if necessary
T1868 32753:158.144    -- Filling invalid ranges in sector buffer (flash cache) for sector @ 0x00007D00 if necessary
T1868 32753:158.144    -- Filling invalid ranges in sector buffer (flash cache) for sector @ 0x00007E00 if necessary
T1868 32753:158.144    -- Filling invalid ranges in sector buffer (flash cache) for sector @ 0x00007F00 if necessary
T1868 32753:158.144    -- Filling invalid ranges in sector buffer (flash cache) for sector @ 0x00008000 if necessary
T1868 32753:158.144    -- Filling invalid ranges in sector buffer (flash cache) for sector @ 0x00008100 if necessary
T1868 32753:158.144    -- Filling invalid ranges in sector buffer (flash cache) for sector @ 0x00008200 if necessary
T1868 32753:158.144    -- Filling invalid ranges in sector buffer (flash cache) for sector @ 0x00008300 if necessary
T1868 32753:158.144    -- Filling invalid ranges in sector buffer (flash cache) for sector @ 0x00008400 if necessary
T1868 32753:158.144    -- Filling invalid ranges in sector buffer (flash cache) for sector @ 0x00008500 if necessary
T1868 32753:158.144    -- Filling invalid ranges in sector buffer (flash cache) for sector @ 0x00008600 if necessary
T1868 32753:158.144    -- Filling invalid ranges in sector buffer (flash cache) for sector @ 0x00008700 if necessary
T1868 32753:162.240    -- Filling invalid ranges in sector buffer (flash cache) for sector @ 0x00008800 if necessary
T1868 32753:162.240    -- Filling invalid ranges in sector buffer (flash cache) for sector @ 0x00008900 if necessary
T1868 32753:162.240    -- Filling invalid ranges in sector buffer (flash cache) for sector @ 0x00008A00 if necessary
T1868 32753:162.240    -- Filling invalid ranges in sector buffer (flash cache) for sector @ 0x00008B00 if necessary
T1868 32753:162.240    -- Filling invalid ranges in sector buffer (flash cache) for sector @ 0x00008C00 if necessary
T1868 32753:162.240    -- Filling invalid ranges in sector buffer (flash cache) for sector @ 0x00008D00 if necessary
T1868 32753:162.240    -- Filling invalid ranges in sector buffer (flash cache) for sector @ 0x00008E00 if necessary
T1868 32753:162.240    -- Filling invalid ranges in sector buffer (flash cache) for sector @ 0x00008F00 if necessary
T1868 32753:162.240    -- Filling invalid ranges in sector buffer (flash cache) for sector @ 0x00009000 if necessary
T1868 32753:162.240    -- Filling invalid ranges in sector buffer (flash cache) for sector @ 0x00009100 if necessary
T1868 32753:162.240    -- Filling invalid ranges in sector buffer (flash cache) for sector @ 0x00009200 if necessary
T1868 32753:162.240    -- Filling invalid ranges in sector buffer (flash cache) for sector @ 0x00009300 if necessary
T1868 32753:162.240    -- Filling invalid ranges in sector buffer (flash cache) for sector @ 0x00009400 if necessary
T1868 32753:164.288    -- Filling invalid ranges in sector buffer (flash cache) for sector @ 0x00009500 if necessary
T1868 32753:164.288    -- Filling invalid ranges in sector buffer (flash cache) for sector @ 0x00009600 if necessary
T1868 32753:164.288    -- Filling invalid ranges in sector buffer (flash cache) for sector @ 0x00009700 if necessary
T1868 32753:164.288    -- Filling invalid ranges in sector buffer (flash cache) for sector @ 0x00009800 if necessary
T1868 32753:164.288    -- Filling invalid ranges in sector buffer (flash cache) for sector @ 0x00009900 if necessary
T1868 32753:164.288    -- Filling invalid ranges in sector buffer (flash cache) for sector @ 0x00009A00 if necessary
T1868 32753:164.288    -- Filling invalid ranges in sector buffer (flash cache) for sector @ 0x00009B00 if necessary
T1868 32753:164.288    -- Filling invalid ranges in sector buffer (flash cache) for sector @ 0x00009C00 if necessary
T1868 32753:164.288    -- Filling invalid ranges in sector buffer (flash cache) for sector @ 0x00009D00 if necessary
T1868 32753:164.288    -- Filling invalid ranges in sector buffer (flash cache) for sector @ 0x00009E00 if necessary
T1868 32753:164.288    -- Filling invalid ranges in sector buffer (flash cache) for sector @ 0x00009F00 if necessary
T1868 32753:164.288    -- Filling invalid ranges in sector buffer (flash cache) for sector @ 0x0000A000 if necessary
T1868 32753:164.288    -- Filling invalid ranges in sector buffer (flash cache) for sector @ 0x0000A100 if necessary
T1868 32753:164.288    -- Filling invalid ranges in sector buffer (flash cache) for sector @ 0x0000A200 if necessary
T1868 32753:164.288    -- Filling invalid ranges in sector buffer (flash cache) for sector @ 0x0000A300 if necessary
T1868 32753:166.336    -- Filling invalid ranges in sector buffer (flash cache) for sector @ 0x0000A400 if necessary
T1868 32753:166.336    -- End of determining dirty areas
T1868 32753:166.336    -- Start of preparing flash programming
T1868 32753:166.336    -- Calculating RAM usage
T1868 32753:166.336    -- RAM usage = 3908 Bytes
T1868 32753:166.336    -- Preserving CPU registers
T1868 32753:166.336    -- Preparing target
T1868 32753:166.336    -- Preserving target RAM temporarily used for programming
T1868 32753:197.056    -- Downloading RAMCode
T1868 32753:223.680    -- Preparing RAMCode
T1868 32753:231.872    -- End of preparing flash programming
T1868 32753:248.256    -- CPU speed could not be measured.
T1868 32753:248.256    -- Start of comparing flash
T1868 32753:248.256    -- CRC check was estimated as fastest method
T1868 32753:303.552    -- Comparing range 0x0000 - 0x7FFF (128 Sectors, 32 KB), using multi-block CRC calculation
T1868 32753:385.472    -- CRC does not match for sectors 0-127
T1868 32753:385.472    -- Comparing range 0x8000 - 0xA4FF (37 Sectors, 9 KB), using multi-block CRC calculation
T1868 32753:412.096    -- CRC does not match for sectors 0-36
T1868 32753:412.096    -- End of comparing flash
T1868 32753:412.096    -- Start of erasing sectors
T1868 32753:412.096    -- End of erasing sectors
T1868 32753:412.096    -- Start of flash programming
T1868 32753:412.096    -- Programming range 0x00000000 - 0x00007FFF (128 Sectors, 32 KB)
T1868 32753:836.032    -- Programming range 0x00008000 - 0x0000A4FF ( 37 Sectors, 9 KB)
T1868 32753:973.248    -- End of flash programming
T1868 32753:973.248    -- 0x0000 - 0xA4FF (165 Sectors, 41 KB)
T1868 32753:973.248    -- Start of restoring
T1868 32753:973.248    -- Restoring RAMCode
T1868 32753:991.680    -- Restoring target memory
T1868 32754:022.400    -- Restore target
T1868 32754:022.400    -- Restoring CPU registers
T1868 32754:022.400    -- End of restoring
T1868 32754:022.400    -- Bank 0 @ 0x00000000: 1 range affected (42240 bytes)
T1868 32754:022.400    -- Total: 0.856s (Prepare: 0.081s, Compare: 0.165s, Erase: 0.000s, Program & Verify: 0.573s, Restore: 0.035s)
T1868 32754:024.448    -- Program & Verify speed: 71 KB/s
T1868 32754:046.976 - 918.437ms returns 42240 (0xA500)
T1868 32754:046.976 JLINK_ResetPullsRESET(ON)
T1868 32754:046.976 - 0.175ms
T1868 32754:046.976 JLINK_ResetNoHalt()
T1868 32754:049.024   InitTarget() start
T1868 32754:049.024    J-Link Script File: Executing InitTarget()
T1868 32754:049.024   InitTarget()
T1868 32754:055.168   InitTarget() end - Took 5.97ms
T1868 32754:055.168   Found SW-DP with ID 0x0BC11477
T1868 32754:057.216   DPIDR: 0x0BC11477
T1868 32754:057.216   CoreSight SoC-400 or earlier
T1868 32754:057.216   AP map detection skipped. Manually configured AP map found.
T1868 32754:059.264   AP[0]: AHB-AP (IDR: Not set)
T1868 32754:059.264   AP[0]: Core found
T1868 32754:059.264   AP[0]: AHB-AP ROM base: 0x41003000
T1868 32754:059.264   CPUID register: 0x410CC601. Implementer code: 0x41 (ARM)
T1868 32754:063.360   Found Cortex-M0 r0p1, Little endian.
T1868 32754:063.360   -- Max. mem block: 0x000027A8
T1868 32754:063.360   CPU_ReadMem(4 bytes @ 0xE000EDF0)
T1868 32754:065.408   CPU_ReadMem(4 bytes @ 0xE0002000)
T1868 32754:065.408   FPUnit: 4 code (BP) slots and 0 literal slots
T1868 32754:065.408   CPU_ReadMem(4 bytes @ 0xE000EDFC)
T1868 32754:065.408   CPU_ReadMem(4 bytes @ 0xE0001000)
T1868 32754:065.408   CoreSight components:
T1868 32754:067.456   ROMTbl[0] @ 41003000
T1868 32754:067.456   CPU_ReadMem(64 bytes @ 0x41003000)
T1868 32754:067.456   CPU_ReadMem(32 bytes @ 0xE00FFFE0)
T1868 32754:067.456   [0][0]: E00FF000 CID B105100D PID 000BB4C0 ROM Table
T1868 32754:067.456   ROMTbl[1] @ E00FF000
T1868 32754:071.552   CPU_ReadMem(64 bytes @ 0xE00FF000)
T1868 32754:071.552   CPU_ReadMem(32 bytes @ 0xE000EFE0)
T1868 32754:071.552   [1][0]: E000E000 CID B105E00D PID 000BB008 SCS
T1868 32754:071.552   CPU_ReadMem(32 bytes @ 0xE0001FE0)
T1868 32754:073.600   [1][1]: E0001000 CID B105E00D PID 000BB00A DWT
T1868 32754:073.600   CPU_ReadMem(32 bytes @ 0xE0002FE0)
T1868 32754:073.600   [1][2]: E0002000 CID B105E00D PID 000BB00B FPB
T1868 32754:073.600   JLINK_Reset()
T1868 32754:073.600     CPU_ReadMem(4 bytes @ 0x20000000)
T1868 32754:075.648     CPU_WriteMem(4 bytes @ 0x20000000)
T1868 32754:075.648     ResetTarget() start
T1868 32754:075.648      J-Link Script File: Executing ResetTarget()
T1868 32754:075.648     CPU_ReadMem(4 bytes @ 0xE000EDFC)
T1868 32754:075.648     CPU_WriteMem(4 bytes @ 0xE000EDFC)
T1868 32754:079.744     CPU_WriteMem(4 bytes @ 0xE000ED0C)
T1868 32754:081.792     CPU_ReadMem(4 bytes @ 0xE000EDF0)
T1868 32754:081.792     CPU_ReadMem(4 bytes @ 0x41002100)
T1868 32754:081.792     CPU_WriteMem(4 bytes @ 0xE000EDFC)
T1868 32754:081.792     ResetTarget() end - Took 6.58ms
T1868 32754:087.936     CPU_WriteMem(4 bytes @ 0xE0002000)
T1868 32754:087.936     CPU_ReadMem(4 bytes @ 0xE000EDFC)
T1868 32754:087.936     CPU_ReadMem(4 bytes @ 0xE0001000)
T1868 32754:089.984     CPU_WriteMem(4 bytes @ 0xE0001000)
T1868 32754:089.984   - 15.332ms
T1868 32754:089.984   JLINK_Go()
T1868 32754:089.984     CPU_ReadMem(4 bytes @ 0xE0001000)
T1868 32754:089.984     CPU_WriteMem(4 bytes @ 0xE0001000)
T1868 32754:089.984     CPU_WriteMem(4 bytes @ 0xE0001004)
T1868 32754:092.032     Memory map 'after startup completion point' is active
T1868 32754:092.032   - 3.054ms
T1868 32754:092.032 - 46.287ms
T1868 32754:096.128 JLINK_Close()
T1868 32754:120.704 - 23.895ms
T1868 32754:120.704   
T1868 32754:120.704   Closed
